<?xml version="1.0" encoding="UTF-8"?>
<!-- Generated by org.testng.reporters.JUnitXMLReporter -->
<testsuite hostname="sachin-PC" ignored="0" name="hub spot regression Test" tests="3" failures="0" timestamp="08 Feb 2021 08:58:26 GMT" time="106.181" errors="0">
  <testcase name="verifyLoginPageTitleTest" time="1.129" classname="com.qa.test.LoginPageHubAppTest"/>
  <testcase name="verifySignUpLinkTest" time="0.302" classname="com.qa.test.LoginPageHubAppTest"/>
  <testcase name="loginCorrectCredentialsTest" time="3.71" classname="com.qa.test.LoginPageHubAppTest"/>
</testsuite> <!-- hub spot regression Test -->
