<?xml version="1.0" encoding="UTF-8"?>
<!-- Generated by org.testng.reporters.JUnitXMLReporter -->
<testsuite hostname="sachin-PC" ignored="0" name="Default test" tests="3" failures="0" timestamp="08 Feb 2021 10:21:59 GMT" time="115.064" errors="0">
  <testcase name="verifyLoginPageTitleTest" time="1.136" classname="com.qa.test.LoginPageHubAppTest"/>
  <testcase name="verifySignUpLinkTest" time="1.172" classname="com.qa.test.LoginPageHubAppTest"/>
  <testcase name="loginCorrectCredentialsTest" time="2.48" classname="com.qa.test.LoginPageHubAppTest"/>
</testsuite> <!-- Default test -->
