<?xml version="1.0" encoding="UTF-8"?>
<testng-results skipped="0" failed="0" ignored="0" total="3" passed="3">
  <reporter-output>
  </reporter-output>
  <suite name="Default suite" duration-ms="115064" started-at="2021-02-08T10:20:04Z" finished-at="2021-02-08T10:21:59Z">
    <groups>
    </groups>
    <test name="Default test" duration-ms="115064" started-at="2021-02-08T10:20:04Z" finished-at="2021-02-08T10:21:59Z">
      <class name="com.qa.test.LoginPageHubAppTest">
        <test-method status="PASS" signature="setUp()[pri:0, instance:com.qa.test.LoginPageHubAppTest@14faa38c]" name="setUp" is-config="true" duration-ms="37131" started-at="2021-02-08T10:20:04Z" finished-at="2021-02-08T10:20:41Z">
          <reporter-output>
          </reporter-output>
        </test-method> <!-- setUp -->
        <test-method status="PASS" signature="verifyLoginPageTitleTest()[pri:1, instance:com.qa.test.LoginPageHubAppTest@14faa38c]" name="verifyLoginPageTitleTest" duration-ms="1136" started-at="2021-02-08T10:20:42Z" description="varify logion page title test" finished-at="2021-02-08T10:20:43Z">
          <reporter-output>
          </reporter-output>
        </test-method> <!-- verifyLoginPageTitleTest -->
        <test-method status="PASS" signature="tearDown()[pri:0, instance:com.qa.test.LoginPageHubAppTest@14faa38c]" name="tearDown" is-config="true" duration-ms="878" started-at="2021-02-08T10:20:43Z" finished-at="2021-02-08T10:20:44Z">
          <reporter-output>
          </reporter-output>
        </test-method> <!-- tearDown -->
        <test-method status="PASS" signature="setUp()[pri:0, instance:com.qa.test.LoginPageHubAppTest@14faa38c]" name="setUp" is-config="true" duration-ms="35697" started-at="2021-02-08T10:20:44Z" finished-at="2021-02-08T10:21:19Z">
          <reporter-output>
          </reporter-output>
        </test-method> <!-- setUp -->
        <test-method status="PASS" signature="verifySignUpLinkTest()[pri:2, instance:com.qa.test.LoginPageHubAppTest@14faa38c]" name="verifySignUpLinkTest" duration-ms="1172" started-at="2021-02-08T10:21:19Z" description="varifying sign up link test" finished-at="2021-02-08T10:21:21Z">
          <reporter-output>
          </reporter-output>
        </test-method> <!-- verifySignUpLinkTest -->
        <test-method status="PASS" signature="tearDown()[pri:0, instance:com.qa.test.LoginPageHubAppTest@14faa38c]" name="tearDown" is-config="true" duration-ms="718" started-at="2021-02-08T10:21:21Z" finished-at="2021-02-08T10:21:21Z">
          <reporter-output>
          </reporter-output>
        </test-method> <!-- tearDown -->
        <test-method status="PASS" signature="setUp()[pri:0, instance:com.qa.test.LoginPageHubAppTest@14faa38c]" name="setUp" is-config="true" duration-ms="34018" started-at="2021-02-08T10:21:21Z" finished-at="2021-02-08T10:21:55Z">
          <reporter-output>
          </reporter-output>
        </test-method> <!-- setUp -->
        <test-method status="PASS" signature="loginCorrectCredentialsTest()[pri:3, instance:com.qa.test.LoginPageHubAppTest@14faa38c]" name="loginCorrectCredentialsTest" duration-ms="2480" started-at="2021-02-08T10:21:55Z" description="login into app test" finished-at="2021-02-08T10:21:58Z">
          <reporter-output>
          </reporter-output>
        </test-method> <!-- loginCorrectCredentialsTest -->
        <test-method status="PASS" signature="tearDown()[pri:0, instance:com.qa.test.LoginPageHubAppTest@14faa38c]" name="tearDown" is-config="true" duration-ms="734" started-at="2021-02-08T10:21:58Z" finished-at="2021-02-08T10:21:59Z">
          <reporter-output>
          </reporter-output>
        </test-method> <!-- tearDown -->
      </class> <!-- com.qa.test.LoginPageHubAppTest -->
    </test> <!-- Default test -->
  </suite> <!-- Default suite -->
</testng-results>
